Using pre-set license
Built from '2020.3/staging' branch; Version is '2020.3.11f1 (99c7afb366b3) revision 10078127'; Using compiler version '192528614'; Build Type 'Release'
OS: 'Windows 10 Home Single Language; OS build 22000.675; Version 2009; 64bit' Language: 'en' Physical Memory: 16230 MB
BatchMode: 1, IsHumanControllingUs: 0, StartBugReporterOnCrash: 0, Is64bit: 1, IsPro: 0

 COMMAND LINE ARGUMENTS:
C:\Program Files\Unity\Hub\Editor\2020.3.11f1\Editor\Unity.exe
-adb2
-batchMode
-noUpm
-name
AssetImportWorker0
-projectPath
D:/Anup/Unity projects/Spectrum RB
-logFile
Logs/AssetImportWorker0.log
-srvPort
61781
Successfully changed project path to: D:/Anup/Unity projects/Spectrum RB
D:/Anup/Unity projects/Spectrum RB
Using Asset Import Pipeline V2.
Refreshing native plugins compatible for Editor in 48.79 ms, found 3 plugins.
Preloading 0 native plugins for Editor in 0.00 ms.
Initialize engine version: 2020.3.11f1 (99c7afb366b3)
[Subsystems] Discovering subsystems at path C:/Program Files/Unity/Hub/Editor/2020.3.11f1/Editor/Data/Resources/UnitySubsystems
[Subsystems] Discovering subsystems at path D:/Anup/Unity projects/Spectrum RB/Assets
GfxDevice: creating device client; threaded=0
Direct3D:
    Version:  Direct3D 11.0 [level 11.1]
    Renderer: NVIDIA GeForce GTX 1060 (ID=0x1c20)
    Vendor:   
    VRAM:     6052 MB
    Driver:   30.0.14.9729
Initialize mono
Mono path[0] = 'C:/Program Files/Unity/Hub/Editor/2020.3.11f1/Editor/Data/Managed'
Mono path[1] = 'C:/Program Files/Unity/Hub/Editor/2020.3.11f1/Editor/Data/MonoBleedingEdge/lib/mono/unityjit'
Mono config path = 'C:/Program Files/Unity/Hub/Editor/2020.3.11f1/Editor/Data/MonoBleedingEdge/etc'
Using monoOptions --debugger-agent=transport=dt_socket,embedding=1,server=y,suspend=n,address=127.0.0.1:56796
Begin MonoManager ReloadAssembly
Registering precompiled unity dll's ...
Register platform support module: C:/Program Files/Unity/Hub/Editor/2020.3.11f1/Editor/Data/PlaybackEngines/WindowsStandaloneSupport/UnityEditor.WindowsStandalone.Extensions.dll
Registered in 0.001532 seconds.
Native extension for WindowsStandalone target not found
Refreshing native plugins compatible for Editor in 42.58 ms, found 3 plugins.
Preloading 0 native plugins for Editor in 0.00 ms.
Mono: successfully reloaded assembly
- Completed reload, in  2.297 seconds
Platform modules already initialized, skipping
Registering precompiled user dll's ...
Registered in 0.003834 seconds.
Begin MonoManager ReloadAssembly
Native extension for WindowsStandalone target not found
Refreshing native plugins compatible for Editor in 41.34 ms, found 3 plugins.
Preloading 0 native plugins for Editor in 0.00 ms.
Mono: successfully reloaded assembly
- Completed reload, in  1.173 seconds
Platform modules already initialized, skipping
========================================================================
Worker process is ready to serve import requests
Launched and connected shader compiler UnityShaderCompiler.exe after 0.05 seconds
Refreshing native plugins compatible for Editor in 0.52 ms, found 3 plugins.
Preloading 0 native plugins for Editor in 0.00 ms.
Unloading 2254 Unused Serialized files (Serialized files now loaded: 0)
System memory in use before: 100.1 MB.
System memory in use after: 100.2 MB.

Unloading 29 unused Assets to reduce memory usage. Loaded Objects now: 2693.
Total: 2.812500 ms (FindLiveObjects: 0.225800 ms CreateObjectMapping: 0.083900 ms MarkObjects: 2.429400 ms  DeleteObjects: 0.072200 ms)

========================================================================
Received Import Request.
  path: Assets/Prefabs/DroidZapper.prefab
  artifactKey: Guid(a777b858df2729940802872cd791af94) Importer(815301076,1909f56bfc062723c751e8b465ee728b)
Start importing Assets/Prefabs/DroidZapper.prefab using Guid(a777b858df2729940802872cd791af94) Importer(815301076,1909f56bfc062723c751e8b465ee728b)  -> (artifact id: '5c8ec7c7bc6d2c429dc234fc0b066190') in 0.184411 seconds
  Import took 0.188407 seconds .

========================================================================
Received Import Request.
  Time since last request: 0.000356 seconds.
  path: Assets/Prefabs/DroidZapperB.prefab
  artifactKey: Guid(db88bf678486a834d83b733a5692bd4f) Importer(815301076,1909f56bfc062723c751e8b465ee728b)
Start importing Assets/Prefabs/DroidZapperB.prefab using Guid(db88bf678486a834d83b733a5692bd4f) Importer(815301076,1909f56bfc062723c751e8b465ee728b)  -> (artifact id: '8e3479e7561ab1eb7158a7150834aaac') in 0.016202 seconds
  Import took 0.019547 seconds .

========================================================================
Received Import Request.
  Time since last request: 7.830930 seconds.
  path: Assets/Prefabs/DroidZapper.prefab
  artifactKey: Guid(a777b858df2729940802872cd791af94) Importer(815301076,1909f56bfc062723c751e8b465ee728b)
Start importing Assets/Prefabs/DroidZapper.prefab using Guid(a777b858df2729940802872cd791af94) Importer(815301076,1909f56bfc062723c751e8b465ee728b)  -> (artifact id: 'ffffb5a9c446ec6a574e221febcfde9b') in 0.010816 seconds
  Import took 0.014622 seconds .

========================================================================
Received Import Request.
  Time since last request: 0.034925 seconds.
  path: Assets/Prefabs/DroidZapper.prefab
  artifactKey: Guid(a777b858df2729940802872cd791af94) Importer(815301076,1909f56bfc062723c751e8b465ee728b)
Start importing Assets/Prefabs/DroidZapper.prefab using Guid(a777b858df2729940802872cd791af94) Importer(815301076,1909f56bfc062723c751e8b465ee728b)  -> (artifact id: 'ffffb5a9c446ec6a574e221febcfde9b') in 0.010758 seconds
  Import took 0.014604 seconds .

========================================================================
Received Import Request.
  Time since last request: 19.635949 seconds.
  path: Assets/Prefabs/DroidZapper.prefab
  artifactKey: Guid(a777b858df2729940802872cd791af94) Importer(815301076,1909f56bfc062723c751e8b465ee728b)
Start importing Assets/Prefabs/DroidZapper.prefab using Guid(a777b858df2729940802872cd791af94) Importer(815301076,1909f56bfc062723c751e8b465ee728b)  -> (artifact id: '3ef0f99401b83a235d8b94ac41e11503') in 0.011388 seconds
  Import took 0.014920 seconds .

========================================================================
Received Import Request.
  Time since last request: 0.030150 seconds.
  path: Assets/Prefabs/DroidZapper.prefab
  artifactKey: Guid(a777b858df2729940802872cd791af94) Importer(815301076,1909f56bfc062723c751e8b465ee728b)
Start importing Assets/Prefabs/DroidZapper.prefab using Guid(a777b858df2729940802872cd791af94) Importer(815301076,1909f56bfc062723c751e8b465ee728b)  -> (artifact id: '3ef0f99401b83a235d8b94ac41e11503') in 0.012114 seconds
  Import took 0.015805 seconds .

========================================================================
Received Import Request.
  Time since last request: 1.478824 seconds.
  path: Assets/Prefabs/DroidZapper.prefab
  artifactKey: Guid(a777b858df2729940802872cd791af94) Importer(815301076,1909f56bfc062723c751e8b465ee728b)
Start importing Assets/Prefabs/DroidZapper.prefab using Guid(a777b858df2729940802872cd791af94) Importer(815301076,1909f56bfc062723c751e8b465ee728b)  -> (artifact id: '2a7fda24aea69c62859cf214abf2bc0f') in 0.019006 seconds
  Import took 0.022713 seconds .

========================================================================
Received Import Request.
  Time since last request: 0.028281 seconds.
  path: Assets/Prefabs/DroidZapper.prefab
  artifactKey: Guid(a777b858df2729940802872cd791af94) Importer(815301076,1909f56bfc062723c751e8b465ee728b)
Start importing Assets/Prefabs/DroidZapper.prefab using Guid(a777b858df2729940802872cd791af94) Importer(815301076,1909f56bfc062723c751e8b465ee728b)  -> (artifact id: '2a7fda24aea69c62859cf214abf2bc0f') in 0.011526 seconds
  Import took 0.015258 seconds .

========================================================================
Received Import Request.
  Time since last request: 11.061246 seconds.
  path: Assets/Prefabs/DroidZapperB.prefab
  artifactKey: Guid(db88bf678486a834d83b733a5692bd4f) Importer(815301076,1909f56bfc062723c751e8b465ee728b)
Start importing Assets/Prefabs/DroidZapperB.prefab using Guid(db88bf678486a834d83b733a5692bd4f) Importer(815301076,1909f56bfc062723c751e8b465ee728b)  -> (artifact id: '06b9f697a481eec7336161fb64148158') in 0.014307 seconds
  Import took 0.018178 seconds .

========================================================================
Received Import Request.
  Time since last request: 0.024706 seconds.
  path: Assets/Prefabs/DroidZapperB.prefab
  artifactKey: Guid(db88bf678486a834d83b733a5692bd4f) Importer(815301076,1909f56bfc062723c751e8b465ee728b)
Start importing Assets/Prefabs/DroidZapperB.prefab using Guid(db88bf678486a834d83b733a5692bd4f) Importer(815301076,1909f56bfc062723c751e8b465ee728b)  -> (artifact id: '06b9f697a481eec7336161fb64148158') in 0.012867 seconds
  Import took 0.017140 seconds .

========================================================================
Received Import Request.
  Time since last request: 6.411785 seconds.
  path: Assets/Prefabs/DroidZapperB.prefab
  artifactKey: Guid(db88bf678486a834d83b733a5692bd4f) Importer(815301076,1909f56bfc062723c751e8b465ee728b)
Start importing Assets/Prefabs/DroidZapperB.prefab using Guid(db88bf678486a834d83b733a5692bd4f) Importer(815301076,1909f56bfc062723c751e8b465ee728b)  -> (artifact id: 'a5505058c77bf6bbae37668b89910d8b') in 0.011598 seconds
  Import took 0.015754 seconds .

========================================================================
Received Import Request.
  Time since last request: 0.027257 seconds.
  path: Assets/Prefabs/DroidZapperB.prefab
  artifactKey: Guid(db88bf678486a834d83b733a5692bd4f) Importer(815301076,1909f56bfc062723c751e8b465ee728b)
Start importing Assets/Prefabs/DroidZapperB.prefab using Guid(db88bf678486a834d83b733a5692bd4f) Importer(815301076,1909f56bfc062723c751e8b465ee728b)  -> (artifact id: 'a5505058c77bf6bbae37668b89910d8b') in 0.011810 seconds
  Import took 0.015515 seconds .

========================================================================
Received Import Request.
  Time since last request: 2.418304 seconds.
  path: Assets/Prefabs/DroidZapperB.prefab
  artifactKey: Guid(db88bf678486a834d83b733a5692bd4f) Importer(815301076,1909f56bfc062723c751e8b465ee728b)
Start importing Assets/Prefabs/DroidZapperB.prefab using Guid(db88bf678486a834d83b733a5692bd4f) Importer(815301076,1909f56bfc062723c751e8b465ee728b)  -> (artifact id: 'cbe34e309ea6ef35b2b96289d68a0da9') in 0.009975 seconds
  Import took 0.013922 seconds .

========================================================================
Received Import Request.
  Time since last request: 0.031298 seconds.
  path: Assets/Prefabs/DroidZapperB.prefab
  artifactKey: Guid(db88bf678486a834d83b733a5692bd4f) Importer(815301076,1909f56bfc062723c751e8b465ee728b)
Start importing Assets/Prefabs/DroidZapperB.prefab using Guid(db88bf678486a834d83b733a5692bd4f) Importer(815301076,1909f56bfc062723c751e8b465ee728b)  -> (artifact id: 'cbe34e309ea6ef35b2b96289d68a0da9') in 0.011892 seconds
  Import took 0.015807 seconds .

========================================================================
Received Prepare
Registering precompiled user dll's ...
Registered in 0.003950 seconds.
Begin MonoManager ReloadAssembly
Native extension for WindowsStandalone target not found
Refreshing native plugins compatible for Editor in 0.47 ms, found 3 plugins.
Preloading 0 native plugins for Editor in 0.00 ms.
Mono: successfully reloaded assembly
- Completed reload, in  1.104 seconds
Platform modules already initialized, skipping
Refreshing native plugins compatible for Editor in 0.47 ms, found 3 plugins.
Preloading 0 native plugins for Editor in 0.00 ms.
Unloading 2229 Unused Serialized files (Serialized files now loaded: 0)
System memory in use before: 101.4 MB.
System memory in use after: 101.5 MB.

Unloading 18 unused Assets to reduce memory usage. Loaded Objects now: 2703.
Total: 2.436700 ms (FindLiveObjects: 0.206000 ms CreateObjectMapping: 0.071800 ms MarkObjects: 2.135100 ms  DeleteObjects: 0.022600 ms)

========================================================================
Received Prepare
Registering precompiled user dll's ...
Registered in 0.003696 seconds.
Begin MonoManager ReloadAssembly
Native extension for WindowsStandalone target not found
Refreshing native plugins compatible for Editor in 0.47 ms, found 3 plugins.
Preloading 0 native plugins for Editor in 0.00 ms.
Mono: successfully reloaded assembly
- Completed reload, in  1.112 seconds
Platform modules already initialized, skipping
Refreshing native plugins compatible for Editor in 0.49 ms, found 3 plugins.
Preloading 0 native plugins for Editor in 0.00 ms.
Unloading 2229 Unused Serialized files (Serialized files now loaded: 0)
System memory in use before: 101.4 MB.
System memory in use after: 101.5 MB.

Unloading 18 unused Assets to reduce memory usage. Loaded Objects now: 2706.
Total: 2.174000 ms (FindLiveObjects: 0.185000 ms CreateObjectMapping: 0.078900 ms MarkObjects: 1.892100 ms  DeleteObjects: 0.017000 ms)

========================================================================
Received Prepare
Registering precompiled user dll's ...
Registered in 0.004577 seconds.
Begin MonoManager ReloadAssembly
Native extension for WindowsStandalone target not found
Refreshing native plugins compatible for Editor in 0.53 ms, found 3 plugins.
Preloading 0 native plugins for Editor in 0.00 ms.
Mono: successfully reloaded assembly
- Completed reload, in  1.248 seconds
Platform modules already initialized, skipping
Refreshing native plugins compatible for Editor in 0.72 ms, found 3 plugins.
Preloading 0 native plugins for Editor in 0.00 ms.
Unloading 2229 Unused Serialized files (Serialized files now loaded: 0)
System memory in use before: 101.5 MB.
System memory in use after: 101.7 MB.

Unloading 18 unused Assets to reduce memory usage. Loaded Objects now: 2709.
Total: 2.976800 ms (FindLiveObjects: 0.364500 ms CreateObjectMapping: 0.196000 ms MarkObjects: 2.395000 ms  DeleteObjects: 0.019500 ms)

========================================================================
Received Prepare
Registering precompiled user dll's ...
Registered in 0.003872 seconds.
Begin MonoManager ReloadAssembly
Native extension for WindowsStandalone target not found
Refreshing native plugins compatible for Editor in 0.47 ms, found 3 plugins.
Preloading 0 native plugins for Editor in 0.00 ms.
Mono: successfully reloaded assembly
- Completed reload, in  1.152 seconds
Platform modules already initialized, skipping
Refreshing native plugins compatible for Editor in 0.51 ms, found 3 plugins.
Preloading 0 native plugins for Editor in 0.00 ms.
Unloading 2229 Unused Serialized files (Serialized files now loaded: 0)
System memory in use before: 101.6 MB.
System memory in use after: 101.7 MB.

Unloading 18 unused Assets to reduce memory usage. Loaded Objects now: 2712.
Total: 2.348200 ms (FindLiveObjects: 0.219600 ms CreateObjectMapping: 0.087900 ms MarkObjects: 2.020000 ms  DeleteObjects: 0.019600 ms)

========================================================================
Received Prepare
Registering precompiled user dll's ...
Registered in 0.004630 seconds.
Begin MonoManager ReloadAssembly
Native extension for WindowsStandalone target not found
Refreshing native plugins compatible for Editor in 0.46 ms, found 3 plugins.
Preloading 0 native plugins for Editor in 0.00 ms.
Mono: successfully reloaded assembly
- Completed reload, in  1.065 seconds
Platform modules already initialized, skipping
Refreshing native plugins compatible for Editor in 0.48 ms, found 3 plugins.
Preloading 0 native plugins for Editor in 0.00 ms.
Unloading 2229 Unused Serialized files (Serialized files now loaded: 0)
System memory in use before: 101.5 MB.
System memory in use after: 101.6 MB.

Unloading 18 unused Assets to reduce memory usage. Loaded Objects now: 2715.
Total: 2.566200 ms (FindLiveObjects: 0.212900 ms CreateObjectMapping: 0.084100 ms MarkObjects: 2.250100 ms  DeleteObjects: 0.018300 ms)

========================================================================
Received Prepare
Registering precompiled user dll's ...
Registered in 0.003945 seconds.
Begin MonoManager ReloadAssembly
Native extension for WindowsStandalone target not found
Refreshing native plugins compatible for Editor in 0.48 ms, found 3 plugins.
Preloading 0 native plugins for Editor in 0.00 ms.
Mono: successfully reloaded assembly
- Completed reload, in  1.100 seconds
Platform modules already initialized, skipping
Refreshing native plugins compatible for Editor in 0.50 ms, found 3 plugins.
Preloading 0 native plugins for Editor in 0.00 ms.
Unloading 2229 Unused Serialized files (Serialized files now loaded: 0)
System memory in use before: 101.6 MB.
System memory in use after: 101.8 MB.

Unloading 18 unused Assets to reduce memory usage. Loaded Objects now: 2718.
Total: 2.597900 ms (FindLiveObjects: 0.212200 ms CreateObjectMapping: 0.095900 ms MarkObjects: 2.264300 ms  DeleteObjects: 0.024300 ms)

========================================================================
Received Prepare
Registering precompiled user dll's ...
Registered in 0.004002 seconds.
Begin MonoManager ReloadAssembly
Native extension for WindowsStandalone target not found
Refreshing native plugins compatible for Editor in 0.56 ms, found 3 plugins.
Preloading 0 native plugins for Editor in 0.00 ms.
Mono: successfully reloaded assembly
- Completed reload, in  1.050 seconds
Platform modules already initialized, skipping
Refreshing native plugins compatible for Editor in 0.50 ms, found 3 plugins.
Preloading 0 native plugins for Editor in 0.00 ms.
Unloading 2229 Unused Serialized files (Serialized files now loaded: 0)
System memory in use before: 101.6 MB.
System memory in use after: 101.8 MB.

Unloading 18 unused Assets to reduce memory usage. Loaded Objects now: 2721.
Total: 2.074700 ms (FindLiveObjects: 0.214600 ms CreateObjectMapping: 0.079600 ms MarkObjects: 1.763400 ms  DeleteObjects: 0.016300 ms)

========================================================================
Received Prepare
Registering precompiled user dll's ...
Registered in 0.005205 seconds.
Begin MonoManager ReloadAssembly
Native extension for WindowsStandalone target not found
Refreshing native plugins compatible for Editor in 0.47 ms, found 3 plugins.
Preloading 0 native plugins for Editor in 0.00 ms.
Mono: successfully reloaded assembly
- Completed reload, in  1.038 seconds
Platform modules already initialized, skipping
Refreshing native plugins compatible for Editor in 0.83 ms, found 3 plugins.
Preloading 0 native plugins for Editor in 0.00 ms.
Unloading 2229 Unused Serialized files (Serialized files now loaded: 0)
System memory in use before: 101.6 MB.
System memory in use after: 101.8 MB.

Unloading 18 unused Assets to reduce memory usage. Loaded Objects now: 2724.
Total: 2.246200 ms (FindLiveObjects: 0.217200 ms CreateObjectMapping: 0.078800 ms MarkObjects: 1.933100 ms  DeleteObjects: 0.016300 ms)

========================================================================
Received Prepare
Registering precompiled user dll's ...
Registered in 0.003969 seconds.
Begin MonoManager ReloadAssembly
Native extension for WindowsStandalone target not found
Refreshing native plugins compatible for Editor in 0.46 ms, found 3 plugins.
Preloading 0 native plugins for Editor in 0.00 ms.
Mono: successfully reloaded assembly
- Completed reload, in  1.041 seconds
Platform modules already initialized, skipping
Refreshing native plugins compatible for Editor in 0.48 ms, found 3 plugins.
Preloading 0 native plugins for Editor in 0.00 ms.
Unloading 2229 Unused Serialized files (Serialized files now loaded: 0)
System memory in use before: 101.6 MB.
System memory in use after: 101.8 MB.

Unloading 18 unused Assets to reduce memory usage. Loaded Objects now: 2727.
Total: 2.536800 ms (FindLiveObjects: 0.215400 ms CreateObjectMapping: 0.087300 ms MarkObjects: 2.216600 ms  DeleteObjects: 0.016600 ms)

========================================================================
Received Prepare
Registering precompiled user dll's ...
Registered in 0.004353 seconds.
Begin MonoManager ReloadAssembly
Native extension for WindowsStandalone target not found
Refreshing native plugins compatible for Editor in 0.47 ms, found 3 plugins.
Preloading 0 native plugins for Editor in 0.00 ms.
Mono: successfully reloaded assembly
- Completed reload, in  1.100 seconds
Platform modules already initialized, skipping
Refreshing native plugins compatible for Editor in 0.48 ms, found 3 plugins.
Preloading 0 native plugins for Editor in 0.00 ms.
Unloading 2229 Unused Serialized files (Serialized files now loaded: 0)
System memory in use before: 101.6 MB.
System memory in use after: 101.8 MB.

Unloading 18 unused Assets to reduce memory usage. Loaded Objects now: 2730.
Total: 2.575200 ms (FindLiveObjects: 0.220400 ms CreateObjectMapping: 0.088500 ms MarkObjects: 2.247600 ms  DeleteObjects: 0.017900 ms)

========================================================================
Received Prepare
Registering precompiled user dll's ...
Registered in 0.003926 seconds.
Begin MonoManager ReloadAssembly
Native extension for WindowsStandalone target not found
Refreshing native plugins compatible for Editor in 0.47 ms, found 3 plugins.
Preloading 0 native plugins for Editor in 0.00 ms.
Mono: successfully reloaded assembly
- Completed reload, in  1.029 seconds
Platform modules already initialized, skipping
Refreshing native plugins compatible for Editor in 0.49 ms, found 3 plugins.
Preloading 0 native plugins for Editor in 0.00 ms.
Unloading 2229 Unused Serialized files (Serialized files now loaded: 0)
System memory in use before: 101.7 MB.
System memory in use after: 101.9 MB.

Unloading 18 unused Assets to reduce memory usage. Loaded Objects now: 2733.
Total: 2.559800 ms (FindLiveObjects: 0.213200 ms CreateObjectMapping: 0.082700 ms MarkObjects: 2.247100 ms  DeleteObjects: 0.016200 ms)

========================================================================
Received Prepare
Registering precompiled user dll's ...
Registered in 0.004654 seconds.
Begin MonoManager ReloadAssembly
Native extension for WindowsStandalone target not found
Refreshing native plugins compatible for Editor in 0.47 ms, found 3 plugins.
Preloading 0 native plugins for Editor in 0.00 ms.
Mono: successfully reloaded assembly
- Completed reload, in  1.025 seconds
Platform modules already initialized, skipping
Refreshing native plugins compatible for Editor in 0.54 ms, found 3 plugins.
Preloading 0 native plugins for Editor in 0.00 ms.
Unloading 2229 Unused Serialized files (Serialized files now loaded: 0)
System memory in use before: 101.7 MB.
System memory in use after: 101.9 MB.

Unloading 18 unused Assets to reduce memory usage. Loaded Objects now: 2736.
Total: 2.344100 ms (FindLiveObjects: 0.196900 ms CreateObjectMapping: 0.091600 ms MarkObjects: 2.037200 ms  DeleteObjects: 0.017500 ms)

========================================================================
Received Prepare
Registering precompiled user dll's ...
Registered in 0.003874 seconds.
Begin MonoManager ReloadAssembly
Native extension for WindowsStandalone target not found
Refreshing native plugins compatible for Editor in 0.47 ms, found 3 plugins.
Preloading 0 native plugins for Editor in 0.00 ms.
Mono: successfully reloaded assembly
- Completed reload, in  1.090 seconds
Platform modules already initialized, skipping
Refreshing native plugins compatible for Editor in 0.49 ms, found 3 plugins.
Preloading 0 native plugins for Editor in 0.00 ms.
Unloading 2229 Unused Serialized files (Serialized files now loaded: 0)
System memory in use before: 101.7 MB.
System memory in use after: 101.9 MB.

Unloading 18 unused Assets to reduce memory usage. Loaded Objects now: 2739.
Total: 2.578000 ms (FindLiveObjects: 0.214500 ms CreateObjectMapping: 0.084700 ms MarkObjects: 2.257100 ms  DeleteObjects: 0.020800 ms)

